<?xml version="1.0" encoding="UTF-8"?>
<!-- Generated by org.testng.reporters.JUnitReportReporter -->
<testsuite hostname="DESKTOP-BTLCFE6" failures="0" tests="1" name="testcases.BankManagerLoginTest" time="0.684" errors="0" timestamp="2024-03-02T11:05:50 EET" skipped="0">
  <testcase classname="testcases.BankManagerLoginTest" name="loginAsBankManager" time="0.684"/>
</testsuite> <!-- testcases.BankManagerLoginTest -->
