<?xml version="1.0" encoding="UTF-8"?>
<!-- Generated by org.testng.reporters.JUnitReportReporter -->
<testsuite hostname="DESKTOP-BTLCFE6" failures="0" tests="1" name="testcases.AddCustomerTest" time="6.656" errors="0" timestamp="2024-03-01T17:36:10 EET" skipped="0">
  <testcase classname="testcases.AddCustomerTest" name="addCustomer" time="6.656"/>
</testsuite> <!-- testcases.AddCustomerTest -->
