<?xml version="1.0" encoding="UTF-8"?>
<!-- Generated by org.testng.reporters.JUnitReportReporter -->
<testsuite hostname="DESKTOP-BTLCFE6" failures="0" tests="1" name="testcases.BankManagerLoginTest" time="0.697" errors="0" timestamp="2024-03-01T15:54:29 EET" skipped="0">
  <testcase classname="testcases.BankManagerLoginTest" name="loginAsBankManager" time="0.697"/>
</testsuite> <!-- testcases.BankManagerLoginTest -->
