<?xml version="1.0" encoding="UTF-8"?>
<!-- Generated by org.testng.reporters.JUnitReportReporter -->
<testsuite hostname="DESKTOP-BTLCFE6" failures="0" tests="1" name="testcases.BankManagerLoginTest" time="0.809" errors="0" timestamp="2024-03-06T10:58:05 EET" skipped="0">
  <testcase classname="testcases.BankManagerLoginTest" name="loginAsBankManager" time="0.809"/>
  <system-out>
    <![CDATA[Click to see Screenshot
<a target="_blank" href=Wed_Mar_06_10_58_04_EET_2024.jpg>Screenshot</a>
<br>
<br>
<a target="_blank" href=Wed_Mar_06_10_58_04_EET_2024.jpg><img src=Wed_Mar_06_10_58_04_EET_2024.jpg height=200 width=200></img></a>]]>
  </system-out>
</testsuite> <!-- testcases.BankManagerLoginTest -->
