<?xml version="1.0" encoding="UTF-8"?>
<!-- Generated by org.testng.reporters.JUnitReportReporter -->
<testsuite hostname="DESKTOP-BTLCFE6" failures="0" tests="1" name="testcases.AddCustomerTest" time="0.644" errors="0" timestamp="2024-03-01T19:02:50 EET" skipped="0">
  <testcase classname="testcases.AddCustomerTest" name="addCustomer" time="0.644"/>
  <system-out>
    <![CDATA[Capturing a screenshot
<a target='_blank' href='C:/Users/Beni/Downloads/1676889880009.jpg'>Screenshot</a>]]>
  </system-out>
</testsuite> <!-- testcases.AddCustomerTest -->
